<?xml version="1.0" encoding="UTF-8"?>
<testsuite xmlns:xsi="http://www.w3.org/2001/XMLSchema-instance" xsi:noNamespaceSchemaLocation="https://maven.apache.org/surefire/maven-surefire-plugin/xsd/surefire-test-report.xsd" name="org.sat4j.TestAPIGenerator" time="44.014" tests="1" errors="0" skipped="0" failures="0">
  <properties>
    <property name="sun.desktop" value="windows"/>
    <property name="awt.toolkit" value="sun.awt.windows.WToolkit"/>
    <property name="java.specification.version" value="11"/>
    <property name="sun.cpu.isalist" value="amd64"/>
    <property name="sun.jnu.encoding" value="Cp1252"/>
    <property name="java.class.path" value="C:\Users\U755531\OneDrive - Lufthansa Group\Desktop\UNI\Project\sat4j-master\org.sat4j.core\target\test-classes;C:\Users\U755531\OneDrive - Lufthansa Group\Desktop\UNI\Project\sat4j-master\org.sat4j.core\target\classes;C:\Users\U755531\.m2\repository\junit\junit\4.13.2\junit-4.13.2.jar;C:\Users\U755531\.m2\repository\org\hamcrest\hamcrest-core\1.3\hamcrest-core-1.3.jar;C:\Users\U755531\.m2\repository\org\mockito\mockito-core\4.3.1\mockito-core-4.3.1.jar;C:\Users\U755531\.m2\repository\net\bytebuddy\byte-buddy\1.12.7\byte-buddy-1.12.7.jar;C:\Users\U755531\.m2\repository\net\bytebuddy\byte-buddy-agent\1.12.7\byte-buddy-agent-1.12.7.jar;C:\Users\U755531\.m2\repository\org\objenesis\objenesis\3.2\objenesis-3.2.jar;"/>
    <property name="java.vm.vendor" value="Oracle Corporation"/>
    <property name="sun.arch.data.model" value="64"/>
    <property name="user.variant" value=""/>
    <property name="java.vendor.url" value="http://java.oracle.com/"/>
    <property name="user.timezone" value="Europe/Berlin"/>
    <property name="java.vm.specification.version" value="11"/>
    <property name="os.name" value="Windows 10"/>
    <property name="sun.java.launcher" value="SUN_STANDARD"/>
    <property name="user.country" value="US"/>
    <property name="test.pbprefix" value="C:\Users\U755531\OneDrive - Lufthansa Group\Desktop\UNI\Project\sat4j-master\org.sat4j.core/src/test/testfiles/"/>
    <property name="sun.boot.library.path" value="C:\Program Files\Java\jdk-11.0.2\bin"/>
    <property name="sun.java.command" value="C:\Users\U755531\AppData\Local\Temp\surefire10332325787724827022\surefirebooter4215115633809836918.jar C:\Users\U755531\AppData\Local\Temp\surefire10332325787724827022 2024-02-18T23-16-27_975-jvmRun1 surefire4426092306383416366tmp surefire_015808605577973991612tmp"/>
    <property name="jdk.debug" value="release"/>
    <property name="test" value="TestAPIGenerator#runAPIFuzzerForCoverage"/>
    <property name="surefire.test.class.path" value="C:\Users\U755531\OneDrive - Lufthansa Group\Desktop\UNI\Project\sat4j-master\org.sat4j.core\target\test-classes;C:\Users\U755531\OneDrive - Lufthansa Group\Desktop\UNI\Project\sat4j-master\org.sat4j.core\target\classes;C:\Users\U755531\.m2\repository\junit\junit\4.13.2\junit-4.13.2.jar;C:\Users\U755531\.m2\repository\org\hamcrest\hamcrest-core\1.3\hamcrest-core-1.3.jar;C:\Users\U755531\.m2\repository\org\mockito\mockito-core\4.3.1\mockito-core-4.3.1.jar;C:\Users\U755531\.m2\repository\net\bytebuddy\byte-buddy\1.12.7\byte-buddy-1.12.7.jar;C:\Users\U755531\.m2\repository\net\bytebuddy\byte-buddy-agent\1.12.7\byte-buddy-agent-1.12.7.jar;C:\Users\U755531\.m2\repository\org\objenesis\objenesis\3.2\objenesis-3.2.jar;"/>
    <property name="sun.cpu.endian" value="little"/>
    <property name="user.home" value="C:\Users\U755531"/>
    <property name="user.language" value="en"/>
    <property name="java.specification.vendor" value="Oracle Corporation"/>
    <property name="java.version.date" value="2019-01-15"/>
    <property name="java.home" value="C:\Program Files\Java\jdk-11.0.2"/>
    <property name="file.separator" value="\"/>
    <property name="basedir" value="C:\Users\U755531\OneDrive - Lufthansa Group\Desktop\UNI\Project\sat4j-master\org.sat4j.core"/>
    <property name="java.vm.compressedOopsMode" value="Zero based"/>
    <property name="line.separator" value="&#10;"/>
    <property name="java.specification.name" value="Java Platform API Specification"/>
    <property name="java.vm.specification.vendor" value="Oracle Corporation"/>
    <property name="java.awt.graphicsenv" value="sun.awt.Win32GraphicsEnvironment"/>
    <property name="test.prefix" value="C:\Users\U755531\OneDrive - Lufthansa Group\Desktop\UNI\Project\sat4j-master\org.sat4j.core/src/test/testfiles/"/>
    <property name="surefire.real.class.path" value="C:\Users\U755531\AppData\Local\Temp\surefire10332325787724827022\surefirebooter4215115633809836918.jar"/>
    <property name="user.script" value=""/>
    <property name="sun.management.compiler" value="HotSpot 64-Bit Tiered Compilers"/>
    <property name="java.runtime.version" value="11.0.2+9"/>
    <property name="user.name" value="U755531"/>
    <property name="path.separator" value=";"/>
    <property name="os.version" value="10.0"/>
    <property name="java.runtime.name" value="OpenJDK Runtime Environment"/>
    <property name="file.encoding" value="Cp1252"/>
    <property name="java.vm.name" value="OpenJDK 64-Bit Server VM"/>
    <property name="java.vendor.version" value="18.9"/>
    <property name="localRepository" value="C:\Users\U755531\.m2\repository"/>
    <property name="java.vendor.url.bug" value="http://bugreport.java.com/bugreport/"/>
    <property name="java.io.tmpdir" value="C:\Users\U755531\AppData\Local\Temp\"/>
    <property name="java.version" value="11.0.2"/>
    <property name="user.dir" value="C:\Users\U755531\OneDrive - Lufthansa Group\Desktop\UNI\Project\sat4j-master\org.sat4j.core"/>
    <property name="os.arch" value="amd64"/>
    <property name="java.vm.specification.name" value="Java Virtual Machine Specification"/>
    <property name="java.awt.printerjob" value="sun.awt.windows.WPrinterJob"/>
    <property name="sun.os.patch.level" value=""/>
    <property name="java.library.path" value="C:\Program Files\Java\jdk-11.0.2\bin;C:\Windows\Sun\Java\bin;C:\Windows\system32;C:\Windows;C:\Program Files\Microsoft MPI\Bin\;C:\Program Files\sfdx\bin;C:\Windows\system32;C:\Windows;C:\Windows\System32\Wbem;C:\Windows\System32\WindowsPowerShell\v1.0\;C:\Windows\System32\OpenSSH\;C:\Program Files\Java\jdk-11.0.2\bin;C:\Program Files\SlikSvn\bin;C:\Program Files\WindowsPowerShell\Scripts\HP.ClientScriptLibrary;C:\Program Files\Cppcheck\cppcheck;C:\ProgramData\chocolatey\bin;C:\Users\U755531\Appdata\Local\Programs\Python\Python311;C:\Program Files\Docker\Docker\resources\bin;C:\Program Files\Microsoft MPI\Bin;C:\Program Files\sf\bin;C:\cabal\bin;C:\Users\U755531\apache-ant-1.10.14\bin;C:\Program Files\7-Zip;C:\Program Files\Git\cmd;C:\Users\U755531\OneDrive - Lufthansa Group\Desktop\apache-maven-3.9.6\bin;C:\Users\U755531\AppData\Local\Programs\Python\Launcher\;C:\Users\U755531\AppData\Local\Programs\Python\Python311\Scripts\;C:\Users\U755531\AppData\Local\Programs\Python\Python11\;C:\Users\U755531\AppData\Local\Microsoft\WindowsApps;C:\Users\U755531\AppData\Local\GitHubDesktop\bin;C:\Users\U755531\AppData\Local\Programs\Microsoft VS Code\bin;C:\Program Files\sf\bin;C:\Program Files\Java\jdk-11.0.2\bin;C:\Program Files\Cppcheck\cppcheck;C:\Program Files\Microsoft MPI\Bin;C:\ghcup\bin;C:\cabal\bin;C:\Users\U755531\apache-ant-1.10.14\bin;C:\Program Files\7-Zip;;."/>
    <property name="java.vendor" value="Oracle Corporation"/>
    <property name="java.vm.info" value="mixed mode"/>
    <property name="java.vm.version" value="11.0.2+9"/>
    <property name="sun.io.unicode.encoding" value="UnicodeLittle"/>
    <property name="java.class.version" value="55.0"/>
  </properties>
  <testcase name="runAPIFuzzerForCoverage" classname="org.sat4j.TestAPIGenerator" time="43.844"/>
</testsuite>